.\bin\Release\SMFFE.pdb
E:\Git\SMFFE\.\bin\Release\SMFFE.exe
E:\GIT\SMFFE\BIN\RELEASE\SMFFE.EXE
E:\GIT\SMFFE\BIN\RELEASE\SMFFE.PDB
E:\GIT\SMFFE\RELEASE\ANIMATEDSPRITE.OBJ
E:\GIT\SMFFE\RELEASE\ANIMATION.OBJ
E:\GIT\SMFFE\RELEASE\ASCREEN.OBJ
E:\GIT\SMFFE\RELEASE\CHARACTER.OBJ
E:\Git\SMFFE\Release\cl.command.1.tlog
E:\Git\SMFFE\Release\CL.read.1.tlog
E:\Git\SMFFE\Release\CL.write.1.tlog
E:\GIT\SMFFE\RELEASE\COMBATSCREEN.OBJ
E:\GIT\SMFFE\RELEASE\COMBO.OBJ
E:\GIT\SMFFE\RELEASE\COMMANDINPUT.OBJ
E:\GIT\SMFFE\RELEASE\CREDITSCREEN.OBJ
E:\GIT\SMFFE\RELEASE\HELPERS.OBJ
E:\GIT\SMFFE\RELEASE\IAINPUT.OBJ
E:\GIT\SMFFE\RELEASE\INIFILE.OBJ
E:\GIT\SMFFE\RELEASE\JOYPADINPUT.OBJ
E:\GIT\SMFFE\RELEASE\KEYBOARDINPUT.OBJ
E:\Git\SMFFE\Release\link.command.1.tlog
E:\Git\SMFFE\Release\link.read.1.tlog
E:\Git\SMFFE\Release\link.write.1.tlog
E:\GIT\SMFFE\RELEASE\LOADINGSCREEN.OBJ
E:\GIT\SMFFE\RELEASE\MAIN.OBJ
E:\GIT\SMFFE\RELEASE\MENUSCREEN.OBJ
E:\Git\SMFFE\Release\mt.command.1.tlog
E:\Git\SMFFE\Release\mt.read.1.tlog
E:\Git\SMFFE\Release\mt.write.1.tlog
E:\GIT\SMFFE\RELEASE\OPTIONSCREEN.OBJ
E:\GIT\SMFFE\RELEASE\PLAYER.OBJ
E:\GIT\SMFFE\RELEASE\PROJECTILE.OBJ
E:\GIT\SMFFE\RELEASE\SCREENMANAGER.OBJ
E:\GIT\SMFFE\RELEASE\SELECTCHARSCREEN.OBJ
E:\GIT\SMFFE\RELEASE\SMFFE.EXE.INTERMEDIATE.MANIFEST
E:\Git\SMFFE\Release\SMFFE.vcxprojResolveAssemblyReference.cache
E:\Git\SMFFE\Release\SMFFE.write.1.tlog
E:\GIT\SMFFE\RELEASE\SMFFECONFIG.OBJ
E:\GIT\SMFFE\RELEASE\SMFFETIME.OBJ
E:\GIT\SMFFE\RELEASE\SPLASHSCREEN.OBJ
E:\GIT\SMFFE\RELEASE\SPRITE.OBJ
E:\GIT\SMFFE\RELEASE\STAGESCREEN.OBJ
E:\GIT\SMFFE\RELEASE\STARTSCREEN.OBJ
E:\GIT\SMFFE\RELEASE\TIMEDSPRITE.OBJ
E:\GIT\SMFFE\RELEASE\VC100.PDB
